2024-03-04 18:56:35,295:INFO:Calling on_run_clicked()
2024-03-04 18:57:25,229:INFO:Calling generate_cellpose_masks(src='/mnt/data/CellVoyager/40x/einar/mitotrackerHeLaToxoDsRed_20240224_123156/test_gui/norm_channel_stack', settings={'src': '/mnt/data/CellVoyager/40x/einar/mitotrackerHeLaToxoDsRed_20240224_123156/test_gui', 'metadata_type': 'cellvoyager', 'custom_regex': '', 'experiment': 'exp', 'channels': [0, 1, 2, 3], 'magnification': 40, 'nucleus_channel': 0, 'nucleus_background': 100.0, 'nucleus_Signal_to_noise': 5.0, 'nucleus_CP_prob': 0.0, 'cell_channel': 3, 'cell_background': 100.0, 'cell_Signal_to_noise': 5.0, 'cell_CP_prob': 0.0, 'pathogen_channel': 2, 'pathogen_background': 100.0, 'pathogen_Signal_to_noise': 3.0, 'pathogen_CP_prob': 0.0, 'batch_size': 50, 'timelapse': False, 'timelapse_displacement': '', 'timelapse_memory': 0, 'timelapse_frame_limits': [0, 1000], 'timelapse_remove_transient': True, 'timelapse_mode': 'trackpy', 'timelapse_objects': '', 'lower_quantile': 0.01, 'save': [True, True, True], 'plot': True, 'workers': 30, 'verbose': False, 'remove_background': True, 'fps': 2, 'all_to_mip': False, 'pick_slice': False, 'merge': [False, False, False], 'skip_mode': '', 'normalize_plots': True, 'randomize': True, 'preprocess': True, 'masks': True, 'examples_to_plot': 1}, object_type='cell')
2024-03-04 18:57:26,238:INFO:** TORCH CUDA version installed and working. **
2024-03-04 18:57:26,238:INFO:>>>> using GPU
2024-03-04 18:57:26,238:INFO:>> cyto2 << model set to be used
2024-03-04 18:57:26,320:INFO:>>>> model diam_mean =  30.000 (ROIs rescaled to this size during training)
2024-03-04 18:57:26,589:INFO:channels set to [2, 1]
2024-03-04 18:57:26,589:INFO:~~~ FINDING MASKS ~~~
2024-03-04 18:57:26,589:INFO:multi-stack tiff read in as having 9 planes 2 channels
2024-03-04 18:57:26,676:INFO:0%|          | 0/9 [00:00<?, ?it/s]
2024-03-04 18:57:29,025:INFO:100%|##########| 9/9 [00:02<00:00,  3.83it/s]
2024-03-04 18:57:29,026:INFO:network run in 2.35s
2024-03-04 18:57:29,026:INFO:0%|          | 0/9 [00:00<?, ?it/s]
2024-03-04 18:57:47,978:INFO:100%|##########| 9/9 [00:18<00:00,  2.11s/it]
2024-03-04 18:57:48,045:WARNING:3D stack used, but stitch_threshold=0 and do_3D=False, so masks are made per plane only
2024-03-04 18:57:48,045:INFO:masks created in 19.02s
2024-03-04 18:57:49,337:INFO:>>>> TOTAL TIME 22.75 sec
2024-03-04 18:58:15,297:INFO:generate_cellpose_masks returned None
2024-03-04 18:58:15,298:INFO:Calling generate_cellpose_masks(src='/mnt/data/CellVoyager/40x/einar/mitotrackerHeLaToxoDsRed_20240224_123156/test_gui/norm_channel_stack', settings={'src': '/mnt/data/CellVoyager/40x/einar/mitotrackerHeLaToxoDsRed_20240224_123156/test_gui', 'metadata_type': 'cellvoyager', 'custom_regex': '', 'experiment': 'exp', 'channels': [0, 1, 2, 3], 'magnification': 40, 'nucleus_channel': 0, 'nucleus_background': 100.0, 'nucleus_Signal_to_noise': 5.0, 'nucleus_CP_prob': 0.0, 'cell_channel': 3, 'cell_background': 100.0, 'cell_Signal_to_noise': 5.0, 'cell_CP_prob': 0.0, 'pathogen_channel': 2, 'pathogen_background': 100.0, 'pathogen_Signal_to_noise': 3.0, 'pathogen_CP_prob': 0.0, 'batch_size': 50, 'timelapse': False, 'timelapse_displacement': '', 'timelapse_memory': 0, 'timelapse_frame_limits': [0, 1000], 'timelapse_remove_transient': True, 'timelapse_mode': 'trackpy', 'timelapse_objects': '', 'lower_quantile': 0.01, 'save': [True, True, True], 'plot': True, 'workers': 30, 'verbose': False, 'remove_background': True, 'fps': 2, 'all_to_mip': False, 'pick_slice': False, 'merge': [False, False, False], 'skip_mode': '', 'normalize_plots': True, 'randomize': True, 'preprocess': True, 'masks': True, 'examples_to_plot': 1}, object_type='nucleus')
2024-03-04 18:58:15,425:INFO:** TORCH CUDA version installed and working. **
2024-03-04 18:58:15,425:INFO:>>>> using GPU
2024-03-04 18:58:15,425:INFO:>> nuclei << model set to be used
2024-03-04 18:58:15,491:INFO:>>>> model diam_mean =  17.000 (ROIs rescaled to this size during training)
2024-03-04 18:58:15,719:INFO:channels set to [2, 0]
2024-03-04 18:58:15,720:INFO:~~~ FINDING MASKS ~~~
2024-03-04 18:58:15,720:INFO:multi-stack tiff read in as having 9 planes 2 channels
2024-03-04 18:58:15,826:INFO:0%|          | 0/9 [00:00<?, ?it/s]
2024-03-04 18:58:16,364:INFO:100%|##########| 9/9 [00:00<00:00, 16.75it/s]
2024-03-04 18:58:16,364:INFO:network run in 0.54s
2024-03-04 18:58:16,364:INFO:0%|          | 0/9 [00:00<?, ?it/s]
2024-03-04 18:58:25,138:INFO:100%|##########| 9/9 [00:08<00:00,  1.03it/s]
2024-03-04 18:58:25,177:WARNING:3D stack used, but stitch_threshold=0 and do_3D=False, so masks are made per plane only
2024-03-04 18:58:25,177:INFO:masks created in 8.81s
2024-03-04 18:58:26,515:INFO:>>>> TOTAL TIME 10.80 sec
2024-03-04 18:58:55,571:INFO:generate_cellpose_masks returned None
2024-03-04 18:58:55,571:INFO:Calling generate_cellpose_masks(src='/mnt/data/CellVoyager/40x/einar/mitotrackerHeLaToxoDsRed_20240224_123156/test_gui/norm_channel_stack', settings={'src': '/mnt/data/CellVoyager/40x/einar/mitotrackerHeLaToxoDsRed_20240224_123156/test_gui', 'metadata_type': 'cellvoyager', 'custom_regex': '', 'experiment': 'exp', 'channels': [0, 1, 2, 3], 'magnification': 40, 'nucleus_channel': 0, 'nucleus_background': 100.0, 'nucleus_Signal_to_noise': 5.0, 'nucleus_CP_prob': 0.0, 'cell_channel': 3, 'cell_background': 100.0, 'cell_Signal_to_noise': 5.0, 'cell_CP_prob': 0.0, 'pathogen_channel': 2, 'pathogen_background': 100.0, 'pathogen_Signal_to_noise': 3.0, 'pathogen_CP_prob': 0.0, 'batch_size': 50, 'timelapse': False, 'timelapse_displacement': '', 'timelapse_memory': 0, 'timelapse_frame_limits': [0, 1000], 'timelapse_remove_transient': True, 'timelapse_mode': 'trackpy', 'timelapse_objects': '', 'lower_quantile': 0.01, 'save': [True, True, True], 'plot': True, 'workers': 30, 'verbose': False, 'remove_background': True, 'fps': 2, 'all_to_mip': False, 'pick_slice': False, 'merge': [False, False, False], 'skip_mode': '', 'normalize_plots': True, 'randomize': True, 'preprocess': True, 'masks': True, 'examples_to_plot': 1}, object_type='pathogen')
2024-03-04 18:58:55,704:INFO:** TORCH CUDA version installed and working. **
2024-03-04 18:58:55,705:INFO:>>>> using GPU
2024-03-04 18:58:55,705:INFO:>> cyto3 << model set to be used
2024-03-04 18:58:55,769:INFO:>>>> model diam_mean =  30.000 (ROIs rescaled to this size during training)
2024-03-04 18:58:56,003:INFO:channels set to [2, 0]
2024-03-04 18:58:56,003:INFO:~~~ FINDING MASKS ~~~
2024-03-04 18:58:56,003:INFO:multi-stack tiff read in as having 9 planes 2 channels
2024-03-04 18:58:56,113:INFO:0%|          | 0/9 [00:00<?, ?it/s]
2024-03-04 18:58:58,875:INFO:100%|##########| 9/9 [00:02<00:00,  3.26it/s]
2024-03-04 18:58:58,875:INFO:network run in 2.76s
2024-03-04 18:58:58,875:INFO:0%|          | 0/9 [00:00<?, ?it/s]
2024-03-04 18:58:58,876:INFO:No cell pixels found.
2024-03-04 18:58:58,878:INFO:No cell pixels found.
2024-03-04 18:58:58,879:INFO:No cell pixels found.
2024-03-04 18:58:58,881:INFO:No cell pixels found.
2024-03-04 18:58:58,882:INFO:No cell pixels found.
2024-03-04 18:58:58,884:INFO:No cell pixels found.
2024-03-04 18:58:58,885:INFO:No cell pixels found.
2024-03-04 18:58:59,644:INFO:100%|##########| 9/9 [00:00<00:00, 11.71it/s]
2024-03-04 18:58:59,685:WARNING:3D stack used, but stitch_threshold=0 and do_3D=False, so masks are made per plane only
2024-03-04 18:58:59,685:INFO:masks created in 0.81s
2024-03-04 18:59:01,072:INFO:>>>> TOTAL TIME 5.07 sec
2024-03-04 18:59:15,789:INFO:generate_cellpose_masks returned None
2024-03-04 19:00:24,678:INFO:on_run_clicked returned None
